*** Starting uWSGI 2.0.5.1 (64bit) on [Fri Jul 24 15:19:18 2015] ***
compiled with version: 4.8.2 on 05 June 2014 18:13:44
os: Linux-3.13.0-24-generic #47-Ubuntu SMP Fri May 2 23:30:00 UTC 2014
nodename: ICN-QC-CENTRAL-01
machine: x86_64
clock source: unix
detected number of CPU cores: 2
current working directory: /var/www/html/mfashion_api/templates/tags
detected binary path: /usr/local/bin/uwsgi
!!! no internal routing support, rebuild with pcre support !!!
setgid() to 33
setuid() to 33
*** WARNING: you are running uWSGI without its master process manager ***
your processes number limit is 31457
your memory page size is 4096 bytes
detected max file descriptor number: 1024
*** starting uWSGI Emperor ***
*** has_emperor mode detected (fd: 6) ***
[uWSGI] getting INI configuration from uwsgi.ini
open("/var/www/html/log/mysite.log"): Permission denied [core/logging.c line 291]
unlink(): Operation not permitted [core/uwsgi.c line 1545]
Fri Jul 24 15:19:18 2015 - [emperor] curse the uwsgi instance uwsgi.ini (pid: 24317)
Fri Jul 24 15:19:21 2015 - [emperor] removed uwsgi instance uwsgi.ini
*** has_emperor mode detected (fd: 6) ***
[uWSGI] getting INI configuration from uwsgi.ini
open("/var/www/html/log/mysite.log"): Permission denied [core/logging.c line 291]
unlink(): Operation not permitted [core/uwsgi.c line 1545]
Fri Jul 24 15:19:24 2015 - [emperor] curse the uwsgi instance uwsgi.ini (pid: 24325)
Fri Jul 24 15:19:27 2015 - [emperor] removed uwsgi instance uwsgi.ini
*** has_emperor mode detected (fd: 6) ***
[uWSGI] getting INI configuration from uwsgi.ini
open("/var/www/html/log/mysite.log"): Permission denied [core/logging.c line 291]
unlink(): Operation not permitted [core/uwsgi.c line 1545]
Fri Jul 24 15:19:30 2015 - [emperor] curse the uwsgi instance uwsgi.ini (pid: 24333)
Fri Jul 24 15:19:33 2015 - [emperor] removed uwsgi instance uwsgi.ini
Fri Jul 24 15:19:33 2015 - [emperor] unloyal bad behaving vassal found: uwsgi.ini throttling it...
*** has_emperor mode detected (fd: 6) ***
[uWSGI] getting INI configuration from uwsgi.ini
open("/var/www/html/log/mysite.log"): Permission denied [core/logging.c line 291]
unlink(): Operation not permitted [core/uwsgi.c line 1545]
Fri Jul 24 15:19:36 2015 - [emperor] curse the uwsgi instance uwsgi.ini (pid: 24341)
Fri Jul 24 15:19:39 2015 - [emperor] removed uwsgi instance uwsgi.ini
*** has_emperor mode detected (fd: 6) ***
[uWSGI] getting INI configuration from uwsgi.ini
open("/var/www/html/log/mysite.log"): Permission denied [core/logging.c line 291]
unlink(): Operation not permitted [core/uwsgi.c line 1545]
Fri Jul 24 15:19:42 2015 - [emperor] curse the uwsgi instance uwsgi.ini (pid: 24353)
Fri Jul 24 15:19:45 2015 - [emperor] removed uwsgi instance uwsgi.ini
*** has_emperor mode detected (fd: 6) ***
[uWSGI] getting INI configuration from uwsgi.ini
open("/var/www/html/log/mysite.log"): Permission denied [core/logging.c line 291]
unlink(): Operation not permitted [core/uwsgi.c line 1545]
Fri Jul 24 15:19:51 2015 - [emperor] curse the uwsgi instance uwsgi.ini (pid: 24372)
Fri Jul 24 15:19:54 2015 - [emperor] removed uwsgi instance uwsgi.ini
*** has_emperor mode detected (fd: 6) ***
[uWSGI] getting INI configuration from uwsgi.ini
open("/var/www/html/log/mysite.log"): Permission denied [core/logging.c line 291]
unlink(): Operation not permitted [core/uwsgi.c line 1545]
Fri Jul 24 15:20:00 2015 - [emperor] curse the uwsgi instance uwsgi.ini (pid: 24403)
Fri Jul 24 15:20:03 2015 - [emperor] removed uwsgi instance uwsgi.ini
*** has_emperor mode detected (fd: 6) ***
[uWSGI] getting INI configuration from uwsgi.ini
open("/var/www/html/log/mysite.log"): Permission denied [core/logging.c line 291]
unlink(): Operation not permitted [core/uwsgi.c line 1545]
Fri Jul 24 15:20:09 2015 - [emperor] curse the uwsgi instance uwsgi.ini (pid: 24423)
Fri Jul 24 15:20:12 2015 - [emperor] removed uwsgi instance uwsgi.ini
*** has_emperor mode detected (fd: 6) ***
[uWSGI] getting INI configuration from uwsgi.ini
open("/var/www/html/log/mysite.log"): Permission denied [core/logging.c line 291]
unlink(): Operation not permitted [core/uwsgi.c line 1545]
Fri Jul 24 15:20:21 2015 - [emperor] curse the uwsgi instance uwsgi.ini (pid: 24440)
Fri Jul 24 15:20:24 2015 - [emperor] removed uwsgi instance uwsgi.ini
*** has_emperor mode detected (fd: 6) ***
[uWSGI] getting INI configuration from uwsgi.ini
open("/var/www/html/log/mysite.log"): Permission denied [core/logging.c line 291]
unlink(): Operation not permitted [core/uwsgi.c line 1545]
Fri Jul 24 15:20:33 2015 - [emperor] curse the uwsgi instance uwsgi.ini (pid: 24452)
Fri Jul 24 15:20:36 2015 - [emperor] removed uwsgi instance uwsgi.ini
*** has_emperor mode detected (fd: 6) ***
[uWSGI] getting INI configuration from uwsgi.ini
open("/var/www/html/log/mysite.log"): Permission denied [core/logging.c line 291]
unlink(): Operation not permitted [core/uwsgi.c line 1545]
Fri Jul 24 15:20:45 2015 - [emperor] curse the uwsgi instance uwsgi.ini (pid: 24468)
Fri Jul 24 15:20:48 2015 - [emperor] removed uwsgi instance uwsgi.ini
*** has_emperor mode detected (fd: 6) ***
[uWSGI] getting INI configuration from uwsgi.ini
open("/var/www/html/log/mysite.log"): Permission denied [core/logging.c line 291]
unlink(): Operation not permitted [core/uwsgi.c line 1545]
Fri Jul 24 15:21:00 2015 - [emperor] curse the uwsgi instance uwsgi.ini (pid: 24482)
Fri Jul 24 15:21:03 2015 - [emperor] removed uwsgi instance uwsgi.ini
*** has_emperor mode detected (fd: 6) ***
[uWSGI] getting INI configuration from uwsgi.ini
open("/var/www/html/log/mysite.log"): Permission denied [core/logging.c line 291]
unlink(): Operation not permitted [core/uwsgi.c line 1545]
Fri Jul 24 15:21:15 2015 - [emperor] curse the uwsgi instance uwsgi.ini (pid: 24501)
Fri Jul 24 15:21:18 2015 - [emperor] removed uwsgi instance uwsgi.ini
*** has_emperor mode detected (fd: 6) ***
[uWSGI] getting INI configuration from uwsgi.ini
open("/var/www/html/log/mysite.log"): Permission denied [core/logging.c line 291]
unlink(): Operation not permitted [core/uwsgi.c line 1545]
Fri Jul 24 15:21:30 2015 - [emperor] curse the uwsgi instance uwsgi.ini (pid: 24516)
Fri Jul 24 15:21:33 2015 - [emperor] removed uwsgi instance uwsgi.ini
*** has_emperor mode detected (fd: 6) ***
[uWSGI] getting INI configuration from uwsgi.ini
open("/var/www/html/log/mysite.log"): Permission denied [core/logging.c line 291]
unlink(): Operation not permitted [core/uwsgi.c line 1545]
Fri Jul 24 15:21:48 2015 - [emperor] curse the uwsgi instance uwsgi.ini (pid: 24533)
Fri Jul 24 15:21:51 2015 - [emperor] removed uwsgi instance uwsgi.ini
*** has_emperor mode detected (fd: 6) ***
[uWSGI] getting INI configuration from uwsgi.ini
open("/var/www/html/log/mysite.log"): Permission denied [core/logging.c line 291]
unlink(): Operation not permitted [core/uwsgi.c line 1545]
Fri Jul 24 15:22:06 2015 - [emperor] curse the uwsgi instance uwsgi.ini (pid: 24557)
Fri Jul 24 15:22:09 2015 - [emperor] removed uwsgi instance uwsgi.ini
*** has_emperor mode detected (fd: 6) ***
[uWSGI] getting INI configuration from uwsgi.ini
open("/var/www/html/log/mysite.log"): Permission denied [core/logging.c line 291]
unlink(): Operation not permitted [core/uwsgi.c line 1545]
Fri Jul 24 15:22:24 2015 - [emperor] curse the uwsgi instance uwsgi.ini (pid: 24577)
Fri Jul 24 15:22:24 2015 - [emperor] removed uwsgi instance uwsgi.ini
*** has_emperor mode detected (fd: 6) ***
[uWSGI] getting INI configuration from uwsgi.ini
open("/var/www/html/log/mysite.log"): Permission denied [core/logging.c line 291]
unlink(): Operation not permitted [core/uwsgi.c line 1545]
Fri Jul 24 15:22:42 2015 - [emperor] curse the uwsgi instance uwsgi.ini (pid: 24599)
Fri Jul 24 15:22:45 2015 - [emperor] removed uwsgi instance uwsgi.ini
*** has_emperor mode detected (fd: 6) ***
[uWSGI] getting INI configuration from uwsgi.ini
open("/var/www/html/log/mysite.log"): Permission denied [core/logging.c line 291]
unlink(): Operation not permitted [core/uwsgi.c line 1545]
Fri Jul 24 15:23:03 2015 - [emperor] curse the uwsgi instance uwsgi.ini (pid: 24623)
Fri Jul 24 15:23:03 2015 - [emperor] removed uwsgi instance uwsgi.ini
*** has_emperor mode detected (fd: 6) ***
[uWSGI] getting INI configuration from uwsgi.ini
open("/var/www/html/log/mysite.log"): Permission denied [core/logging.c line 291]
unlink(): Operation not permitted [core/uwsgi.c line 1545]
Fri Jul 24 15:23:21 2015 - [emperor] curse the uwsgi instance uwsgi.ini (pid: 24653)
Fri Jul 24 15:23:24 2015 - [emperor] removed uwsgi instance uwsgi.ini
*** has_emperor mode detected (fd: 6) ***
[uWSGI] getting INI configuration from uwsgi.ini
open("/var/www/html/log/mysite.log"): Permission denied [core/logging.c line 291]
unlink(): Operation not permitted [core/uwsgi.c line 1545]
Fri Jul 24 15:23:45 2015 - [emperor] curse the uwsgi instance uwsgi.ini (pid: 24694)
Fri Jul 24 15:23:45 2015 - [emperor] removed uwsgi instance uwsgi.ini
*** has_emperor mode detected (fd: 6) ***
[uWSGI] getting INI configuration from uwsgi.ini
open("/var/www/html/log/mysite.log"): Permission denied [core/logging.c line 291]
unlink(): Operation not permitted [core/uwsgi.c line 1545]
Fri Jul 24 15:24:06 2015 - [emperor] curse the uwsgi instance uwsgi.ini (pid: 24734)
Fri Jul 24 15:24:09 2015 - [emperor] removed uwsgi instance uwsgi.ini
*** has_emperor mode detected (fd: 6) ***
[uWSGI] getting INI configuration from uwsgi.ini
open("/var/www/html/log/mysite.log"): Permission denied [core/logging.c line 291]
unlink(): Operation not permitted [core/uwsgi.c line 1545]
Fri Jul 24 15:24:30 2015 - [emperor] curse the uwsgi instance uwsgi.ini (pid: 24772)
Fri Jul 24 15:24:33 2015 - [emperor] removed uwsgi instance uwsgi.ini
*** has_emperor mode detected (fd: 6) ***
[uWSGI] getting INI configuration from uwsgi.ini
open("/var/www/html/log/mysite.log"): Permission denied [core/logging.c line 291]
unlink(): Operation not permitted [core/uwsgi.c line 1545]
Fri Jul 24 15:24:57 2015 - [emperor] curse the uwsgi instance uwsgi.ini (pid: 24820)
Fri Jul 24 15:24:57 2015 - [emperor] removed uwsgi instance uwsgi.ini
*** has_emperor mode detected (fd: 6) ***
[uWSGI] getting INI configuration from uwsgi.ini
open("/var/www/html/log/mysite.log"): Permission denied [core/logging.c line 291]
unlink(): Operation not permitted [core/uwsgi.c line 1545]
Fri Jul 24 15:25:21 2015 - [emperor] curse the uwsgi instance uwsgi.ini (pid: 24864)
Fri Jul 24 15:25:24 2015 - [emperor] removed uwsgi instance uwsgi.ini
*** has_emperor mode detected (fd: 6) ***
[uWSGI] getting INI configuration from uwsgi.ini
open("/var/www/html/log/mysite.log"): Permission denied [core/logging.c line 291]
unlink(): Operation not permitted [core/uwsgi.c line 1545]
Fri Jul 24 15:25:48 2015 - [emperor] curse the uwsgi instance uwsgi.ini (pid: 24909)
Fri Jul 24 15:25:48 2015 - [emperor] removed uwsgi instance uwsgi.ini
*** has_emperor mode detected (fd: 6) ***
[uWSGI] getting INI configuration from uwsgi.ini
open("/var/www/html/log/mysite.log"): Permission denied [core/logging.c line 291]
unlink(): Operation not permitted [core/uwsgi.c line 1545]
Fri Jul 24 15:26:15 2015 - [emperor] curse the uwsgi instance uwsgi.ini (pid: 24960)
Fri Jul 24 15:26:15 2015 - [emperor] removed uwsgi instance uwsgi.ini
*** has_emperor mode detected (fd: 6) ***
[uWSGI] getting INI configuration from uwsgi.ini
open("/var/www/html/log/mysite.log"): Permission denied [core/logging.c line 291]
unlink(): Operation not permitted [core/uwsgi.c line 1545]
Fri Jul 24 15:26:42 2015 - [emperor] curse the uwsgi instance uwsgi.ini (pid: 25005)
Fri Jul 24 15:26:45 2015 - [emperor] removed uwsgi instance uwsgi.ini
*** has_emperor mode detected (fd: 6) ***
[uWSGI] getting INI configuration from uwsgi.ini
open("/var/www/html/log/mysite.log"): Permission denied [core/logging.c line 291]
unlink(): Operation not permitted [core/uwsgi.c line 1545]
Fri Jul 24 15:27:13 2015 - [emperor] curse the uwsgi instance uwsgi.ini (pid: 25057)
Fri Jul 24 15:27:16 2015 - [emperor] removed uwsgi instance uwsgi.ini
*** has_emperor mode detected (fd: 6) ***
[uWSGI] getting INI configuration from uwsgi.ini
open("/var/www/html/log/mysite.log"): Permission denied [core/logging.c line 291]
unlink(): Operation not permitted [core/uwsgi.c line 1545]
Fri Jul 24 15:27:46 2015 - [emperor] curse the uwsgi instance uwsgi.ini (pid: 25107)
Fri Jul 24 15:27:46 2015 - [emperor] removed uwsgi instance uwsgi.ini
[emperor] *** RAGNAROK EVOKED ***
Fri Jul 24 15:28:06 2015 - The Emperor is buried.
